-------------------------------------------------------------------------------
Test set: testRunners.TestRunner
-------------------------------------------------------------------------------
Tests run: 2, Failures: 0, Errors: 2, Skipped: 0, Time elapsed: 174.984 sec <<< FAILURE!
Basic Strategy(To fill the Basic Strategy for Default Field Farm)  Time elapsed: 163.173 sec  <<< ERROR!
org.openqa.selenium.NoSuchElementException: no such element: Unable to locate element: {"method":"xpath","selector":"//h6[contains(text(),'Default Field Farm')]"}
  (Session info: chrome=90.0.4430.93)
For documentation on this error, please visit: https://www.seleniumhq.org/exceptions/no_such_element.html
Build info: version: '3.141.59', revision: 'e82be7d358', time: '2018-11-14T08:17:03'
System info: host: 'LAPTOP-BBDRQKO5', ip: '192.168.0.106', os.name: 'Windows 10', os.arch: 'amd64', os.version: '10.0', java.version: '1.8.0_202'
Driver info: org.openqa.selenium.chrome.ChromeDriver
Capabilities {acceptInsecureCerts: false, browserName: chrome, browserVersion: 90.0.4430.93, chrome: {chromedriverVersion: 90.0.4430.24 (4c6d850f087da..., userDataDir: C:\Users\shrut\AppData\Loca...}, goog:chromeOptions: {debuggerAddress: localhost:56800}, javascriptEnabled: true, networkConnectionEnabled: false, pageLoadStrategy: normal, platform: WINDOWS, platformName: WINDOWS, proxy: Proxy(), setWindowRect: true, strictFileInteractability: false, timeouts: {implicit: 0, pageLoad: 300000, script: 30000}, unhandledPromptBehavior: dismiss and notify, webauthn:extension:largeBlob: true, webauthn:virtualAuthenticators: true}
Session ID: a921d68a7f89d3d819591e4bdca9032c
*** Element info: {Using=xpath, value=//h6[contains(text(),'Default Field Farm')]}
	at sun.reflect.NativeConstructorAccessorImpl.newInstance0(Native Method)
	at sun.reflect.NativeConstructorAccessorImpl.newInstance(NativeConstructorAccessorImpl.java:62)
	at sun.reflect.DelegatingConstructorAccessorImpl.newInstance(DelegatingConstructorAccessorImpl.java:45)
	at java.lang.reflect.Constructor.newInstance(Constructor.java:423)
	at org.openqa.selenium.remote.http.W3CHttpResponseCodec.createException(W3CHttpResponseCodec.java:187)
	at org.openqa.selenium.remote.http.W3CHttpResponseCodec.decode(W3CHttpResponseCodec.java:122)
	at org.openqa.selenium.remote.http.W3CHttpResponseCodec.decode(W3CHttpResponseCodec.java:49)
	at org.openqa.selenium.remote.HttpCommandExecutor.execute(HttpCommandExecutor.java:158)
	at org.openqa.selenium.remote.service.DriverCommandExecutor.execute(DriverCommandExecutor.java:83)
	at org.openqa.selenium.remote.RemoteWebDriver.execute(RemoteWebDriver.java:552)
	at org.openqa.selenium.remote.RemoteWebDriver.findElement(RemoteWebDriver.java:323)
	at org.openqa.selenium.remote.RemoteWebDriver.findElementByXPath(RemoteWebDriver.java:428)
	at org.openqa.selenium.By$ByXPath.findElement(By.java:353)
	at org.openqa.selenium.remote.RemoteWebDriver.findElement(RemoteWebDriver.java:315)
	at pages.DefaultFieldFarm_BasicStrategyPage.clickOndefaultFeildFarmLink(DefaultFieldFarm_BasicStrategyPage.java:71)
	at stepDefinitions.DefaultFieldFarm_BasicStrategySteps.user_clicks_on_link_to_view_field_farms(DefaultFieldFarm_BasicStrategySteps.java:51)
	at ?.User clicks on "Default Field Farm" link to view Field Farms(file:///C:/Users/shrut/eclipse-workspace/Planting%20Profits/scr/test/resources/features/Default_Fied_Farm_Basic_Form.feature:78)

Basic Strategy(To fill the Basic Strategy for Default Field Farm)  Time elapsed: 163.176 sec  <<< ERROR!
java.io.FileNotFoundException: C:\Users\shrut\eclipse-workspace\Planting Profits\failedScenarioScreenShots\Failed\Basic_Strategy.png (The system cannot find the path specified)
	at java.io.FileOutputStream.open0(Native Method)
	at java.io.FileOutputStream.open(FileOutputStream.java:270)
	at java.io.FileOutputStream.<init>(FileOutputStream.java:213)
	at java.io.FileOutputStream.<init>(FileOutputStream.java:162)
	at org.openqa.selenium.io.FileHandler.copyFile(FileHandler.java:138)
	at org.openqa.selenium.io.FileHandler.copy(FileHandler.java:117)
	at stepDefinitions.Hooks.takeScreenShot(Hooks.java:27)

